#
# There is insufficient memory for the Java Runtime Environment to continue.
# Native memory allocation (mmap) failed to map 130023424 bytes. Error detail: G1 virtual space
# Possible reasons:
#   The system is out of physical RAM or swap space
#   This process is running with CompressedOops enabled, and the Java Heap may be blocking the growth of the native heap
# Possible solutions:
#   Reduce memory load on the system
#   Increase physical memory or swap space
#   Check if swap backing store is full
#   Decrease Java heap size (-Xmx/-Xms)
#   Decrease number of Java threads
#   Decrease Java thread stack sizes (-Xss)
#   Set larger code cache with -XX:ReservedCodeCacheSize=
#   JVM is running with Unscaled Compressed Oops mode in which the Java heap is
#     placed in the first 4GB address space. The Java Heap base address is the
#     maximum limit for the native heap growth. Please use -XX:HeapBaseMinAddress
#     to set the Java Heap base and to place the Java Heap above 4GB virtual address.
# This output file may be truncated or incomplete.
#
#  Out of Memory Error (os_windows.cpp:3613), pid=37624, tid=41916
#
# JRE version:  (17.0.11+9) (build )
# Java VM: OpenJDK 64-Bit Server VM (17.0.11+9-LTS, mixed mode, emulated-client, sharing, tiered, compressed oops, compressed class ptrs, g1 gc, windows-amd64)
# No core dump will be written. Minidumps are not enabled by default on client versions of Windows
#

---------------  S U M M A R Y ------------

Command Line: -XX:TieredStopAtLevel=1 -Dspring.output.ansi.enabled=always -Dcom.sun.management.jmxremote -Dspring.jmx.enabled=true -Dspring.liveBeansView.mbeanDomain -Dspring.application.admin.enabled=true -Dmanagement.endpoints.jmx.exposure.include=* -javaagent:C:\Program Files\JetBrains\IntelliJ IDEA 2024.1.1\lib\idea_rt.jar=60055:C:\Program Files\JetBrains\IntelliJ IDEA 2024.1.1\bin -Dfile.encoding=UTF-8 kr.hhplus.be.server.ServerApplication

Host: 11th Gen Intel(R) Core(TM) i3-1115G4 @ 3.00GHz, 4 cores, 7G,  Windows 11 , 64 bit Build 22621 (10.0.22621.5262)
Time: Fri Jun 27 07:47:06 2025  Windows 11 , 64 bit Build 22621 (10.0.22621.5262) elapsed time: 0.287981 seconds (0d 0h 0m 0s)

---------------  T H R E A D  ---------------

Current thread (0x0000020675826110):  JavaThread "Unknown thread" [_thread_in_vm, id=41916, stack(0x000000a72ac00000,0x000000a72ad00000)]

Stack: [0x000000a72ac00000,0x000000a72ad00000]
Native frames: (J=compiled Java code, j=interpreted, Vv=VM code, C=native code)
V  [jvm.dll+0x681759]
V  [jvm.dll+0x8391ea]
V  [jvm.dll+0x83acae]
V  [jvm.dll+0x83b313]
V  [jvm.dll+0x24b8bf]
V  [jvm.dll+0x67e589]
V  [jvm.dll+0x672ffa]
V  [jvm.dll+0x30b3eb]
V  [jvm.dll+0x312896]
V  [jvm.dll+0x362aae]
V  [jvm.dll+0x362cdf]
V  [jvm.dll+0x2e2188]
V  [jvm.dll+0x2e30f4]
V  [jvm.dll+0x80aba1]
V  [jvm.dll+0x370801]
V  [jvm.dll+0x7e95a6]
V  [jvm.dll+0x3f407f]
V  [jvm.dll+0x3f5bd1]
C  [jli.dll+0x532f]
C  [ucrtbase.dll+0x29333]
C  [KERNEL32.DLL+0x1259d]
C  [ntdll.dll+0x5af58]


---------------  P R O C E S S  ---------------

Threads class SMR info:
_java_thread_list=0x00007ffc1e5f5f98, length=0, elements={
}

Java Threads: ( => current thread )

Other Threads:
  0x000002067587d500 GCTaskThread "GC Thread#0" [stack: 0x000000a72ad00000,0x000000a72ae00000] [id=29444]
  0x000002067588ea70 ConcurrentGCThread "G1 Main Marker" [stack: 0x000000a72ae00000,0x000000a72af00000] [id=31924]
  0x000002067588f490 ConcurrentGCThread "G1 Conc#0" [stack: 0x000000a72af00000,0x000000a72b000000] [id=48076]

[error occurred during error reporting (printing all threads), id 0xc0000005, EXCEPTION_ACCESS_VIOLATION (0xc0000005) at pc=0x00007ffc1ddb2b67]

VM state: not at safepoint (not fully initialized)

VM Mutex/Monitor currently owned by a thread:  ([mutex/lock_event])
[0x0000020675821340] Heap_lock - owner thread: 0x0000020675826110

Heap address: 0x0000000085000000, size: 1968 MB, Compressed Oops mode: 32-bit

CDS archive(s) mapped at: [0x0000000000000000-0x0000000000000000-0x0000000000000000), size 0, SharedBaseAddress: 0x0000000800000000, ArchiveRelocationMode: 1.
Narrow klass base: 0x0000000000000000, Narrow klass shift: 0, Narrow klass range: 0x0

GC Precious Log:
<Empty>

Heap:
 garbage-first heap   total 0K, used 0K [0x0000000085000000, 0x0000000100000000)
  region size 1024K, 0 young (0K), 0 survivors (0K)

[error occurred during error reporting (printing heap information), id 0xc0000005, EXCEPTION_ACCESS_VIOLATION (0xc0000005) at pc=0x00007ffc1e19b3f9]

GC Heap History (0 events):
No events

Dll operation events (1 events):
Event: 0.084 Loaded shared library C:\Users\dbtmd\.jdks\azul-17.0.11\bin\java.dll

Deoptimization events (0 events):
No events

Classes unloaded (0 events):
No events

Classes redefined (0 events):
No events

Internal exceptions (0 events):
No events

VM Operations (0 events):
No events

Events (0 events):
No events


Dynamic libraries:
0x00007ff6c1760000 - 0x00007ff6c176e000 	C:\Users\dbtmd\.jdks\azul-17.0.11\bin\java.exe
0x00007ffd2db50000 - 0x00007ffd2dd67000 	C:\WINDOWS\SYSTEM32\ntdll.dll
0x00007ffd2d2a0000 - 0x00007ffd2d364000 	C:\WINDOWS\System32\KERNEL32.DLL
0x00007ffd2b400000 - 0x00007ffd2b7d3000 	C:\WINDOWS\System32\KERNELBASE.dll
0x00007ffd2af90000 - 0x00007ffd2b0a1000 	C:\WINDOWS\System32\ucrtbase.dll
0x00007ffcf53f0000 - 0x00007ffcf5409000 	C:\Users\dbtmd\.jdks\azul-17.0.11\bin\jli.dll
0x00007ffd2d950000 - 0x00007ffd2db01000 	C:\WINDOWS\System32\USER32.dll
0x00007ffd2b290000 - 0x00007ffd2b2b6000 	C:\WINDOWS\System32\win32u.dll
0x00007ffd2d1d0000 - 0x00007ffd2d1f9000 	C:\WINDOWS\System32\GDI32.dll
0x00007ffd2ac70000 - 0x00007ffd2ad92000 	C:\WINDOWS\System32\gdi32full.dll
0x00007ffd2b0b0000 - 0x00007ffd2b14a000 	C:\WINDOWS\System32\msvcp_win.dll
0x00007ffd1abb0000 - 0x00007ffd1ae4b000 	C:\WINDOWS\WinSxS\amd64_microsoft.windows.common-controls_6595b64144ccf1df_6.0.22621.5262_none_2712bde373830908\COMCTL32.dll
0x00007ffd2bcb0000 - 0x00007ffd2bd57000 	C:\WINDOWS\System32\msvcrt.dll
0x00007ffcf5120000 - 0x00007ffcf513b000 	C:\Users\dbtmd\.jdks\azul-17.0.11\bin\VCRUNTIME140.dll
0x00007ffd2bd60000 - 0x00007ffd2bd91000 	C:\WINDOWS\System32\IMM32.DLL
0x00007ffcf5550000 - 0x00007ffcf555c000 	C:\Users\dbtmd\.jdks\azul-17.0.11\bin\vcruntime140_1.dll
0x00007ffc92520000 - 0x00007ffc925ad000 	C:\Users\dbtmd\.jdks\azul-17.0.11\bin\msvcp140.dll
0x00007ffc1dac0000 - 0x00007ffc1e729000 	C:\Users\dbtmd\.jdks\azul-17.0.11\bin\server\jvm.dll
0x00007ffd2bf10000 - 0x00007ffd2bfc1000 	C:\WINDOWS\System32\ADVAPI32.dll
0x00007ffd2d8a0000 - 0x00007ffd2d947000 	C:\WINDOWS\System32\sechost.dll
0x00007ffd2ac40000 - 0x00007ffd2ac68000 	C:\WINDOWS\System32\bcrypt.dll
0x00007ffd2d3f0000 - 0x00007ffd2d504000 	C:\WINDOWS\System32\RPCRT4.dll
0x00007ffd2a210000 - 0x00007ffd2a25d000 	C:\WINDOWS\SYSTEM32\POWRPROF.dll
0x00007ffd078b0000 - 0x00007ffd078b9000 	C:\WINDOWS\SYSTEM32\WSOCK32.dll
0x00007ffd2d370000 - 0x00007ffd2d3e1000 	C:\WINDOWS\System32\WS2_32.dll
0x00007ffd23550000 - 0x00007ffd23584000 	C:\WINDOWS\SYSTEM32\WINMM.dll
0x00007ffd1ee90000 - 0x00007ffd1ee9a000 	C:\WINDOWS\SYSTEM32\VERSION.dll
0x00007ffd2a180000 - 0x00007ffd2a193000 	C:\WINDOWS\SYSTEM32\UMPDC.dll
0x00007ffd29f30000 - 0x00007ffd29f48000 	C:\WINDOWS\SYSTEM32\kernel.appcore.dll
0x00007ffcf54a0000 - 0x00007ffcf54aa000 	C:\Users\dbtmd\.jdks\azul-17.0.11\bin\jimage.dll
0x00007ffd26ea0000 - 0x00007ffd270d2000 	C:\WINDOWS\SYSTEM32\DBGHELP.DLL
0x00007ffd2b7e0000 - 0x00007ffd2bb73000 	C:\WINDOWS\System32\combase.dll
0x00007ffd2d7c0000 - 0x00007ffd2d897000 	C:\WINDOWS\System32\OLEAUT32.dll
0x00007ffd05a40000 - 0x00007ffd05a72000 	C:\WINDOWS\SYSTEM32\dbgcore.DLL
0x00007ffd2b380000 - 0x00007ffd2b3fb000 	C:\WINDOWS\System32\bcryptPrimitives.dll
0x00007ffcf53e0000 - 0x00007ffcf53ee000 	C:\Users\dbtmd\.jdks\azul-17.0.11\bin\instrument.dll
0x00007ffcf49b0000 - 0x00007ffcf49d5000 	C:\Users\dbtmd\.jdks\azul-17.0.11\bin\java.dll

dbghelp: loaded successfully - version: 4.0.5 - missing functions: none
symbol engine: initialized successfully - sym options: 0x614 - pdb path: .;C:\Users\dbtmd\.jdks\azul-17.0.11\bin;C:\WINDOWS\SYSTEM32;C:\WINDOWS\WinSxS\amd64_microsoft.windows.common-controls_6595b64144ccf1df_6.0.22621.5262_none_2712bde373830908;C:\Users\dbtmd\.jdks\azul-17.0.11\bin\server

VM Arguments:
jvm_args: -XX:TieredStopAtLevel=1 -Dspring.output.ansi.enabled=always -Dcom.sun.management.jmxremote -Dspring.jmx.enabled=true -Dspring.liveBeansView.mbeanDomain -Dspring.application.admin.enabled=true -Dmanagement.endpoints.jmx.exposure.include=* -javaagent:C:\Program Files\JetBrains\IntelliJ IDEA 2024.1.1\lib\idea_rt.jar=60055:C:\Program Files\JetBrains\IntelliJ IDEA 2024.1.1\bin -Dfile.encoding=UTF-8 
java_command: kr.hhplus.be.server.ServerApplication
java_class_path (initial): C:\Users\dbtmd\Downloads\server-java\server-java\build\classes\java\main;C:\Users\dbtmd\Downloads\server-java\server-java\build\resources\main;C:\Users\dbtmd\.gradle\caches\modules-2\files-2.1\org.projectlombok\lombok\1.18.36\5a30490a6e14977d97d9c73c924c1f1b5311ea95\lombok-1.18.36.jar;C:\Users\dbtmd\.gradle\caches\modules-2\files-2.1\org.springframework.boot\spring-boot-starter-actuator\3.4.1\bd347cc46f34c8b9a6f33b4d103bcfb3b11fc6f8\spring-boot-starter-actuator-3.4.1.jar;C:\Users\dbtmd\.gradle\caches\modules-2\files-2.1\org.springframework.boot\spring-boot-starter-data-jpa\3.4.1\f06be4354c339f3f880a5c66a6913cd2366eb225\spring-boot-starter-data-jpa-3.4.1.jar;C:\Users\dbtmd\.gradle\caches\modules-2\files-2.1\org.springframework.boot\spring-boot-starter-web\3.4.1\ff7227fc62338e0f6eba3f9f94c12eb952d4da95\spring-boot-starter-web-3.4.1.jar;C:\Users\dbtmd\.gradle\caches\modules-2\files-2.1\org.springdoc\springdoc-openapi-starter-webmvc-ui\2.1.0\f31615e90b61d18a46a701d5c10e9e505a49a984\springdoc-openapi-starter-webmvc-ui-2.1.0.jar;C:\Users\dbtmd\.gradle\caches\modules-2\files-2.1\me.paulschwarz\spring-dotenv\4.0.0\e0180f80e685a9506d1942e6836a16dee050ebaf\spring-dotenv-4.0.0.jar;C:\Users\dbtmd\.gradle\caches\modules-2\files-2.1\org.springframework.boot\spring-boot-starter-data-redis\3.4.1\d9a75f927b827a881d2f60df443d9741ef23fcda\spring-boot-starter-data-redis-3.4.1.jar;C:\Users\dbtmd\.gradle\caches\modules-2\files-2.1\org.springframework.boot\spring-boot-starter\3.4.1\2c97b6fdc451ea69cd04dcfa54980439b7c7cb34\spring-boot-starter-3.4.1.jar;C:\Users\dbtmd\.gradle\caches\modules-2\files-2.1\org.springframework.boot\spring-boot-actuator-autoconfigure\3.4.1\75ab4d3c257fc5b00fbfa8099ec35b6c9702b629\spring-boot-actuator-autoconfigure-3.4.1.jar;C:\Users\dbtmd\.gradle\caches\modules-2\files-2.1\io.micrometer\micrometer-jakarta9\1.14.2\50950404a99cde864c0e4ff3b1647e5be75d7570\micrometer-jakarta9-1.14.2.jar;C:\Users\dbtmd\.gradle\caches\modules-2\files-2.1\i
Launcher Type: SUN_STANDARD

[Global flags]
     intx CICompilerCount                          = 3                                         {product} {ergonomic}
     uint ConcGCThreads                            = 1                                         {product} {ergonomic}
     uint G1ConcRefinementThreads                  = 4                                         {product} {ergonomic}
   size_t G1HeapRegionSize                         = 1048576                                   {product} {ergonomic}
    uintx GCDrainStackTargetSize                   = 64                                        {product} {ergonomic}
   size_t InitialHeapSize                          = 130023424                                 {product} {ergonomic}
     bool ManagementServer                         = true                                      {product} {command line}
   size_t MarkStackSize                            = 4194304                                   {product} {ergonomic}
   size_t MaxHeapSize                              = 2063597568                                {product} {ergonomic}
   size_t MinHeapDeltaBytes                        = 1048576                                   {product} {ergonomic}
   size_t MinHeapSize                              = 8388608                                   {product} {ergonomic}
    uintx NonProfiledCodeHeapSize                  = 0                                      {pd product} {ergonomic}
     bool ProfileInterpreter                       = false                                  {pd product} {command line}
    uintx ProfiledCodeHeapSize                     = 0                                      {pd product} {ergonomic}
   size_t SoftMaxHeapSize                          = 2063597568                             {manageable} {ergonomic}
     intx TieredStopAtLevel                        = 1                                         {product} {command line}
     bool UseCompressedClassPointers               = true                           {product lp64_product} {ergonomic}
     bool UseCompressedOops                        = true                           {product lp64_product} {ergonomic}
     bool UseG1GC                                  = true                                      {product} {ergonomic}
     bool UseLargePagesIndividualAllocation        = false                                  {pd product} {ergonomic}

Logging:
Log output configuration:
 #0: stdout all=warning uptime,level,tags
 #1: stderr all=off uptime,level,tags

Environment Variables:
JAVA_HOME=C:\Program Files\Java\jdk-21
PATH=C:\Program Files\Common Files\Oracle\Java\javapath;C:\Program Files (x86)\Common Files\Oracle\Java\javapath;C:\WINDOWS\system32;C:\WINDOWS;C:\WINDOWS\System32\Wbem;C:\WINDOWS\System32\WindowsPowerShell\v1.0\;C:\WINDOWS\System32\OpenSSH\;C:\Program Files\Java\jdk-21\bin;C:\Program Files\Microsoft SQL Server\130\Tools\Binn\;C:\Program Files\Microsoft SQL Server\Client SDK\ODBC\170\Tools\Binn\;C:\Program Files\Docker\Docker\resources\bin;C:\Program Files\Git\cmd;C:\Program Files\MySQL\MySQL Server 8.4\bin;C:\Program Files\Bandizip\;C:\Program Files\MySQL\MySQL Shell 8.0\bin\;C:\Users\dbtmd\AppData\Local\Programs\Python\Launcher\;C:\Ruby32-x64\bin;C:\Users\dbtmd\AppData\Local\Microsoft\WindowsApps;C:\Users\dbtmd\AppData\Local\Programs\Microsoft VS Code\bin
USERNAME=dbtmd
OS=Windows_NT
PROCESSOR_IDENTIFIER=Intel64 Family 6 Model 140 Stepping 1, GenuineIntel
TMP=C:\Users\dbtmd\AppData\Local\Temp
TEMP=C:\Users\dbtmd\AppData\Local\Temp



Periodic native trim disabled


---------------  S Y S T E M  ---------------

OS:
 Windows 11 , 64 bit Build 22621 (10.0.22621.5262)
OS uptime: 7 days 8:25 hours
Hyper-V role detected

CPU: total 4 (initial active 4) (2 cores per cpu, 2 threads per core) family 6 model 140 stepping 1 microcode 0xb4, cx8, cmov, fxsr, ht, mmx, 3dnowpref, sse, sse2, sse3, ssse3, sse4.1, sse4.2, popcnt, lzcnt, tsc, tscinvbit, avx, avx2, aes, erms, clmul, bmi1, bmi2, adx, avx512f, avx512dq, avx512cd, avx512bw, avx512vl, sha, fma, vzeroupper, avx512_vpopcntdq, avx512_vpclmulqdq, avx512_vaes, avx512_vnni, clflush, clflushopt, clwb, avx512_vbmi2, avx512_vbmi, hv
Processor Information for all 4 processors :
  Max Mhz: 2995, Current Mhz: 2995, Mhz Limit: 2995

Memory: 4k page, system-wide physical 7865M (310M free)
TotalPageFile size 32441M (AvailPageFile size 18M)
current process WorkingSet (physical memory assigned to process): 12M, peak: 12M
current process commit charge ("private bytes"): 47M, peak: 171M

vm_info: OpenJDK 64-Bit Server VM (17.0.11+9-LTS) for windows-amd64 JRE (17.0.11+9-LTS) (Zulu17.50+19-CA), built on Apr  9 2024 07:23:02 by "zulu_re" with MS VC++ 16.10 / 16.11 (VS2019)

END.
